TN:
SF:src/app/providers/ThemeProvider/index.ts
FNF:0
FNH:0
DA:1,1
DA:2,1
DA:3,1
DA:4,1
DA:5,1
DA:6,1
DA:7,1
LF:7
LH:7
BRF:0
BRH:0
end_of_record
TN:
SF:src/app/providers/ThemeProvider/lib/ThemeContext.ts
FN:17,setTheme
FNF:1
FNH:0
FNDA:0,setTheme
DA:1,1
DA:2,1
DA:3,1
DA:4,1
DA:5,1
DA:6,1
DA:7,1
DA:8,1
DA:9,1
DA:10,1
DA:11,1
DA:12,1
DA:13,1
DA:14,1
DA:15,1
DA:16,1
DA:17,1
DA:18,1
LF:18
LH:18
BRDA:3,0,0,1
BRF:1
BRH:1
end_of_record
TN:
SF:src/app/providers/ThemeProvider/lib/useTheme.ts
FN:9,useTheme
FN:12,toggleTheme
FNF:2
FNH:1
FNDA:1,useTheme
FNDA:0,toggleTheme
DA:1,1
DA:2,1
DA:3,1
DA:4,1
DA:5,1
DA:6,1
DA:7,1
DA:8,1
DA:9,1
DA:10,1
DA:11,1
DA:12,1
DA:13,0
DA:14,0
DA:15,0
DA:16,0
DA:17,1
DA:18,1
DA:19,1
LF:19
LH:15
BRDA:9,0,0,1
BRF:1
BRH:1
end_of_record
TN:
SF:src/app/providers/ThemeProvider/ui/ThemeProvider.tsx
FN:10,ThemeProvider
FNF:1
FNH:0
FNDA:0,ThemeProvider
DA:1,1
DA:2,1
DA:3,1
DA:4,1
DA:5,1
DA:6,1
DA:7,1
DA:8,1
DA:9,1
DA:10,1
DA:11,0
DA:12,0
DA:13,0
DA:14,0
DA:15,0
DA:16,0
DA:17,0
DA:18,0
DA:19,0
DA:20,0
DA:21,0
DA:22,0
DA:23,0
DA:24,1
DA:25,1
LF:25
LH:12
BRF:0
BRH:0
end_of_record
TN:
SF:src/shared/config/i18n/i18nTest.ts
FNF:0
FNH:0
DA:1,1
DA:2,1
DA:3,1
DA:4,1
DA:5,1
DA:6,1
DA:7,1
DA:8,1
DA:9,1
DA:10,1
DA:11,1
DA:12,1
DA:13,1
DA:14,1
DA:15,1
DA:16,1
DA:17,1
DA:18,1
DA:19,1
LF:19
LH:19
BRF:0
BRH:0
end_of_record
TN:
SF:src/shared/lib/classnames/classNames.ts
FN:3,classNames
FNF:1
FNH:1
FNDA:12,classNames
DA:1,1
DA:2,1
DA:3,1
DA:4,12
DA:5,12
DA:6,12
DA:7,12
DA:8,12
DA:9,12
DA:10,12
DA:11,12
LF:11
LH:11
BRDA:3,0,0,12
BRDA:7,1,0,5
BRDA:8,2,0,2
BRF:3
BRH:3
end_of_record
TN:
SF:src/shared/lib/tests/renderWithTranslations/renderWithTranslations.tsx
FN:6,renderWithTranslations
FNF:1
FNH:1
FNDA:1,renderWithTranslations
DA:1,1
DA:2,1
DA:3,1
DA:4,1
DA:5,1
DA:6,1
DA:7,1
DA:8,1
DA:9,1
DA:10,1
DA:11,1
DA:12,1
LF:12
LH:12
BRDA:6,0,0,1
BRF:1
BRH:1
end_of_record
TN:
SF:src/shared/ui/Button/Button.tsx
FN:14,Button
FNF:1
FNH:1
FNDA:5,Button
DA:1,1
DA:2,1
DA:3,1
DA:4,1
DA:5,1
DA:6,1
DA:7,1
DA:8,1
DA:9,1
DA:10,1
DA:11,1
DA:12,1
DA:13,1
DA:14,1
DA:15,5
DA:16,5
DA:17,5
DA:18,5
DA:19,5
DA:20,5
DA:21,5
DA:22,5
DA:23,5
DA:24,5
DA:25,5
DA:26,5
DA:27,5
LF:27
LH:27
BRDA:5,0,0,2
BRDA:14,1,0,5
BRF:2
BRH:2
end_of_record
TN:
SF:src/widgets/LangSwitcher/index.ts
FNF:0
FNH:0
DA:1,1
LF:1
LH:1
BRF:0
BRH:0
end_of_record
TN:
SF:src/widgets/LangSwitcher/ui/LangSwitcher.tsx
FN:19,LangSwitcher
FN:22,changLang
FNF:2
FNH:1
FNDA:1,LangSwitcher
FNDA:0,changLang
DA:1,1
DA:2,1
DA:3,1
DA:4,1
DA:5,1
DA:6,1
DA:7,1
DA:8,1
DA:9,1
DA:10,1
DA:11,1
DA:12,1
DA:13,1
DA:14,1
DA:15,1
DA:16,1
DA:17,1
DA:18,1
DA:19,1
DA:20,1
DA:21,1
DA:22,1
DA:23,0
DA:24,0
DA:25,0
DA:26,0
DA:27,0
DA:28,0
DA:29,0
DA:30,1
DA:31,1
DA:32,1
DA:33,1
DA:34,1
DA:35,1
DA:36,1
DA:37,1
DA:38,1
LF:38
LH:31
BRDA:13,0,0,1
BRDA:19,1,0,1
BRDA:33,2,0,0
BRDA:34,3,0,0
BRDA:35,4,0,0
BRF:5
BRH:2
end_of_record
TN:
SF:src/widgets/Sidebar/ui/Sidebar/Sidebar.tsx
FN:11,Sidebar
FN:13,toggle
FNF:2
FNH:1
FNDA:1,Sidebar
FNDA:0,toggle
DA:1,1
DA:2,1
DA:3,1
DA:4,1
DA:5,1
DA:6,1
DA:7,1
DA:8,1
DA:9,1
DA:10,1
DA:11,1
DA:12,1
DA:13,1
DA:14,0
DA:15,0
DA:16,1
DA:17,1
DA:18,1
DA:19,1
DA:20,1
DA:21,1
DA:22,1
DA:23,1
DA:24,1
DA:25,1
LF:25
LH:23
BRDA:11,0,0,1
BRF:1
BRH:1
end_of_record
TN:
SF:src/widgets/ThemeSwithcer/index.ts
FNF:0
FNH:0
DA:1,1
LF:1
LH:1
BRF:0
BRH:0
end_of_record
TN:
SF:src/widgets/ThemeSwithcer/ui/ThemeSwitcher.tsx
FN:12,ThemeSwitcher
FNF:1
FNH:1
FNDA:1,ThemeSwitcher
DA:1,1
DA:2,1
DA:3,1
DA:4,1
DA:5,1
DA:6,1
DA:7,1
DA:8,1
DA:9,1
DA:10,1
DA:11,1
DA:12,1
DA:13,1
DA:14,1
DA:15,1
DA:16,1
DA:17,1
DA:18,1
DA:19,1
DA:20,1
LF:20
LH:20
BRDA:12,0,0,1
BRDA:17,1,0,0
BRF:2
BRH:1
end_of_record
